GROUP,PACKAGE,CLASS,INSTRUCTION_MISSED,INSTRUCTION_COVERED,BRANCH_MISSED,BRANCH_COVERED,LINE_MISSED,LINE_COVERED,COMPLEXITY_MISSED,COMPLEXITY_COVERED,METHOD_MISSED,METHOD_COVERED
emailmanager,com.example.Filtros,Filtro,26,157,8,8,2,21,10,15,2,15
emailmanager,com.example,Contacto,27,53,6,8,4,15,8,7,2,6
emailmanager,com.example,InMemoryContactRepository,22,86,10,10,1,18,11,6,1,6
emailmanager,com.example,InMemoryEmailStore,0,56,0,2,0,7,0,5,0,4
emailmanager,com.example,Email,20,72,3,3,1,20,4,13,1,13
emailmanager,com.example,EmailService,9,178,9,21,1,28,10,19,1,13
emailmanager,com.example,Bandeja,0,27,0,0,0,2,0,1,0,1
emailmanager,com.example,Destinatarios,5,49,2,6,0,9,2,7,0,5
